# JRE version: Java(TM) SE Runtime Environment (8.0_60-b27) (build 1.8.0_60-b27)
# Java VM: Java HotSpot(TM) 64-Bit Server VM (25.60-b23 mixed mode windows-amd64 compressed oops)
Heap:
 PSYoungGen      total 199168K, used 113160K [0x00000000e0300000, 0x00000000f2580000, 0x0000000100000000)
  eden space 184832K, 61% used [0x00000000e0300000,0x00000000e7182220,0x00000000eb780000)
  from space 14336K, 0% used [0x00000000eb780000,0x00000000eb780000,0x00000000ec580000)
  to   space 15360K, 0% used [0x00000000f1680000,0x00000000f1680000,0x00000000f2580000)
 ParOldGen       total 48128K, used 23633K [0x00000000a0800000, 0x00000000a3700000, 0x00000000e0300000)
  object space 48128K, 49% used [0x00000000a0800000,0x00000000a1f14560,0x00000000a3700000)
 Metaspace       used 39825K, capacity 40316K, committed 40704K, reserved 1085440K
  class space    used 4946K, capacity 5096K, committed 5120K, reserved 1048576K
GC Heap History (10 events):
Event: 12.736 GC heap before
{Heap before GC invocations=9 (full 1):
 PSYoungGen      total 105984K, used 103138K [0x00000000e0300000, 0x00000000ea300000, 0x0000000100000000)
  eden space 97792K, 100% used [0x00000000e0300000,0x00000000e6280000,0x00000000e6280000)
  from space 8192K, 65% used [0x00000000e6280000,0x00000000e67b8988,0x00000000e6a80000)
  to   space 8192K, 0% used [0x00000000e9b00000,0x00000000e9b00000,0x00000000ea300000)
 ParOldGen       total 48128K, used 9512K [0x00000000a0800000, 0x00000000a3700000, 0x00000000e0300000)
  object space 48128K, 19% used [0x00000000a0800000,0x00000000a114a118,0x00000000a3700000)
 Metaspace       used 26652K, capacity 27010K, committed 27264K, reserved 1073152K
  class space    used 3287K, capacity 3388K, committed 3456K, reserved 1048576K
Event: 12.755 GC heap after
Heap after GC invocations=9 (full 1):
 PSYoungGen      total 150528K, used 7698K [0x00000000e0300000, 0x00000000ea300000, 0x0000000100000000)
  eden space 142336K, 0% used [0x00000000e0300000,0x00000000e0300000,0x00000000e8e00000)
  from space 8192K, 93% used [0x00000000e9b00000,0x00000000ea284b68,0x00000000ea300000)
  to   space 8704K, 0% used [0x00000000e9200000,0x00000000e9200000,0x00000000e9a80000)
 ParOldGen       total 48128K, used 9520K [0x00000000a0800000, 0x00000000a3700000, 0x00000000e0300000)
  object space 48128K, 19% used [0x00000000a0800000,0x00000000a114c118,0x00000000a3700000)
 Metaspace       used 26652K, capacity 27010K, committed 27264K, reserved 1073152K
  class space    used 3287K, capacity 3388K, committed 3456K, reserved 1048576K
}
Event: 16.346 GC heap before
{Heap before GC invocations=10 (full 1):
 PSYoungGen      total 150528K, used 150034K [0x00000000e0300000, 0x00000000ea300000, 0x0000000100000000)
  eden space 142336K, 100% used [0x00000000e0300000,0x00000000e8e00000,0x00000000e8e00000)
  from space 8192K, 93% used [0x00000000e9b00000,0x00000000ea284b68,0x00000000ea300000)
  to   space 8704K, 0% used [0x00000000e9200000,0x00000000e9200000,0x00000000e9a80000)
 ParOldGen       total 48128K, used 9520K [0x00000000a0800000, 0x00000000a3700000, 0x00000000e0300000)
  object space 48128K, 19% used [0x00000000a0800000,0x00000000a114c118,0x00000000a3700000)
 Metaspace       used 31335K, capacity 31772K, committed 32000K, reserved 1077248K
  class space    used 3879K, capacity 3979K, committed 4096K, reserved 1048576K
Event: 16.476 GC heap after
Heap after GC invocations=10 (full 1):
 PSYoungGen      total 155136K, used 8681K [0x00000000e0300000, 0x00000000ed180000, 0x0000000100000000)
  eden space 146432K, 0% used [0x00000000e0300000,0x00000000e0300000,0x00000000e9200000)
  from space 8704K, 99% used [0x00000000e9200000,0x00000000e9a7a498,0x00000000e9a80000)
  to   space 12288K, 0% used [0x00000000ec580000,0x00000000ec580000,0x00000000ed180000)
 ParOldGen       total 48128K, used 16235K [0x00000000a0800000, 0x00000000a3700000, 0x00000000e0300000)
  object space 48128K, 33% used [0x00000000a0800000,0x00000000a17dae50,0x00000000a3700000)
 Metaspace       used 31335K, capacity 31772K, committed 32000K, reserved 1077248K
  class space    used 3879K, capacity 3979K, committed 4096K, reserved 1048576K
}
Event: 24.847 GC heap before
{Heap before GC invocations=11 (full 1):
 PSYoungGen      total 155136K, used 155113K [0x00000000e0300000, 0x00000000ed180000, 0x0000000100000000)
  eden space 146432K, 100% used [0x00000000e0300000,0x00000000e9200000,0x00000000e9200000)
  from space 8704K, 99% used [0x00000000e9200000,0x00000000e9a7a498,0x00000000e9a80000)
  to   space 12288K, 0% used [0x00000000ec580000,0x00000000ec580000,0x00000000ed180000)
 ParOldGen       total 48128K, used 16235K [0x00000000a0800000, 0x00000000a3700000, 0x00000000e0300000)
  object space 48128K, 33% used [0x00000000a0800000,0x00000000a17dae50,0x00000000a3700000)
 Metaspace       used 34305K, capacity 34680K, committed 34816K, reserved 1079296K
  class space    used 4243K, capacity 4341K, committed 4352K, reserved 1048576K
Event: 24.907 GC heap after
Heap after GC invocations=11 (full 1):
 PSYoungGen      total 197120K, used 12282K [0x00000000e0300000, 0x00000000ed700000, 0x0000000100000000)
  eden space 184832K, 0% used [0x00000000e0300000,0x00000000e0300000,0x00000000eb780000)
  from space 12288K, 99% used [0x00000000ec580000,0x00000000ed17eb58,0x00000000ed180000)
  to   space 14336K, 0% used [0x00000000eb780000,0x00000000eb780000,0x00000000ec580000)
 ParOldGen       total 48128K, used 17814K [0x00000000a0800000, 0x00000000a3700000, 0x00000000e0300000)
  object space 48128K, 37% used [0x00000000a0800000,0x00000000a1965840,0x00000000a3700000)
 Metaspace       used 34305K, capacity 34680K, committed 34816K, reserved 1079296K
  class space    used 4243K, capacity 4341K, committed 4352K, reserved 1048576K
}
Event: 25.314 GC heap before
{Heap before GC invocations=12 (full 1):
 PSYoungGen      total 197120K, used 30895K [0x00000000e0300000, 0x00000000ed700000, 0x0000000100000000)
  eden space 184832K, 10% used [0x00000000e0300000,0x00000000e152d360,0x00000000eb780000)
  from space 12288K, 99% used [0x00000000ec580000,0x00000000ed17eb58,0x00000000ed180000)
  to   space 14336K, 0% used [0x00000000eb780000,0x00000000eb780000,0x00000000ec580000)
 ParOldGen       total 48128K, used 17814K [0x00000000a0800000, 0x00000000a3700000, 0x00000000e0300000)
  object space 48128K, 37% used [0x00000000a0800000,0x00000000a1965840,0x00000000a3700000)
 Metaspace       used 34902K, capacity 35256K, committed 35456K, reserved 1081344K
  class space    used 4321K, capacity 4405K, committed 4480K, reserved 1048576K
Event: 25.395 GC heap after
Heap after GC invocations=12 (full 1):
 PSYoungGen      total 199168K, used 10934K [0x00000000e0300000, 0x00000000f2580000, 0x0000000100000000)
  eden space 184832K, 0% used [0x00000000e0300000,0x00000000e0300000,0x00000000eb780000)
  from space 14336K, 76% used [0x00000000eb780000,0x00000000ec22db60,0x00000000ec580000)
  to   space 15360K, 0% used [0x00000000f1680000,0x00000000f1680000,0x00000000f2580000)
 ParOldGen       total 48128K, used 19387K [0x00000000a0800000, 0x00000000a3700000, 0x00000000e0300000)
  object space 48128K, 40% used [0x00000000a0800000,0x00000000a1aeedc0,0x00000000a3700000)
 Metaspace       used 34902K, capacity 35256K, committed 35456K, reserved 1081344K
  class space    used 4321K, capacity 4405K, committed 4480K, reserved 1048576K
}
Event: 25.395 GC heap before
{Heap before GC invocations=13 (full 2):
 PSYoungGen      total 199168K, used 10934K [0x00000000e0300000, 0x00000000f2580000, 0x0000000100000000)
  eden space 184832K, 0% used [0x00000000e0300000,0x00000000e0300000,0x00000000eb780000)
  from space 14336K, 76% used [0x00000000eb780000,0x00000000ec22db60,0x00000000ec580000)
  to   space 15360K, 0% used [0x00000000f1680000,0x00000000f1680000,0x00000000f2580000)
 ParOldGen       total 48128K, used 19387K [0x00000000a0800000, 0x00000000a3700000, 0x00000000e0300000)
  object space 48128K, 40% used [0x00000000a0800000,0x00000000a1aeedc0,0x00000000a3700000)
 Metaspace       used 34902K, capacity 35256K, committed 35456K, reserved 1081344K
  class space    used 4321K, capacity 4405K, committed 4480K, reserved 1048576K
Event: 25.818 GC heap after
Heap after GC invocations=13 (full 2):
 PSYoungGen      total 199168K, used 0K [0x00000000e0300000, 0x00000000f2580000, 0x0000000100000000)
  eden space 184832K, 0% used [0x00000000e0300000,0x00000000e0300000,0x00000000eb780000)
  from space 14336K, 0% used [0x00000000eb780000,0x00000000eb780000,0x00000000ec580000)
  to   space 15360K, 0% used [0x00000000f1680000,0x00000000f1680000,0x00000000f2580000)
 ParOldGen       total 48128K, used 23633K [0x00000000a0800000, 0x00000000a3700000, 0x00000000e0300000)
  object space 48128K, 49% used [0x00000000a0800000,0x00000000a1f14560,0x00000000a3700000)
 Metaspace       used 34902K, capacity 35256K, committed 35456K, reserved 1081344K
  class space    used 4321K, capacity 4405K, committed 4480K, reserved 1048576K
}

