# JRE version: Java(TM) SE Runtime Environment (8.0_60-b27) (build 1.8.0_60-b27)
# Java VM: Java HotSpot(TM) 64-Bit Server VM (25.60-b23 mixed mode windows-amd64 compressed oops)
Heap:
 PSYoungGen      total 327680K, used 43806K [0x00000000e0300000, 0x00000000f5e00000, 0x0000000100000000)
  eden space 313856K, 9% used [0x00000000e0300000,0x00000000e20a8c18,0x00000000f3580000)
  from space 13824K, 97% used [0x00000000f5080000,0x00000000f5d9ef98,0x00000000f5e00000)
  to   space 16896K, 0% used [0x00000000f3d00000,0x00000000f3d00000,0x00000000f4d80000)
 ParOldGen       total 67584K, used 20336K [0x00000000a0800000, 0x00000000a4a00000, 0x00000000e0300000)
  object space 67584K, 30% used [0x00000000a0800000,0x00000000a1bdc358,0x00000000a4a00000)
 Metaspace       used 45834K, capacity 46384K, committed 46720K, reserved 1089536K
  class space    used 5814K, capacity 5980K, committed 6016K, reserved 1048576K
GC Heap History (10 events):
Event: 12.536 GC heap before
{Heap before GC invocations=10 (full 1):
 PSYoungGen      total 162304K, used 161816K [0x00000000e0300000, 0x00000000eae80000, 0x0000000100000000)
  eden space 154112K, 100% used [0x00000000e0300000,0x00000000e9980000,0x00000000e9980000)
  from space 8192K, 94% used [0x00000000ea200000,0x00000000ea986000,0x00000000eaa00000)
  to   space 8704K, 0% used [0x00000000e9980000,0x00000000e9980000,0x00000000ea200000)
 ParOldGen       total 45056K, used 7281K [0x00000000a0800000, 0x00000000a3400000, 0x00000000e0300000)
  object space 45056K, 16% used [0x00000000a0800000,0x00000000a0f1c6e8,0x00000000a3400000)
 Metaspace       used 31601K, capacity 32008K, committed 32256K, reserved 1077248K
  class space    used 3901K, capacity 4013K, committed 4096K, reserved 1048576K
Event: 12.594 GC heap after
Heap after GC invocations=10 (full 1):
 PSYoungGen      total 162816K, used 8682K [0x00000000e0300000, 0x00000000ee800000, 0x0000000100000000)
  eden space 154112K, 0% used [0x00000000e0300000,0x00000000e0300000,0x00000000e9980000)
  from space 8704K, 99% used [0x00000000e9980000,0x00000000ea1fa8f8,0x00000000ea200000)
  to   space 11776K, 0% used [0x00000000edc80000,0x00000000edc80000,0x00000000ee800000)
 ParOldGen       total 45056K, used 11747K [0x00000000a0800000, 0x00000000a3400000, 0x00000000e0300000)
  object space 45056K, 26% used [0x00000000a0800000,0x00000000a1378cd0,0x00000000a3400000)
 Metaspace       used 31601K, capacity 32008K, committed 32256K, reserved 1077248K
  class space    used 3901K, capacity 4013K, committed 4096K, reserved 1048576K
}
Event: 15.611 GC heap before
{Heap before GC invocations=11 (full 1):
 PSYoungGen      total 162816K, used 162794K [0x00000000e0300000, 0x00000000ee800000, 0x0000000100000000)
  eden space 154112K, 100% used [0x00000000e0300000,0x00000000e9980000,0x00000000e9980000)
  from space 8704K, 99% used [0x00000000e9980000,0x00000000ea1fa8f8,0x00000000ea200000)
  to   space 11776K, 0% used [0x00000000edc80000,0x00000000edc80000,0x00000000ee800000)
 ParOldGen       total 45056K, used 11747K [0x00000000a0800000, 0x00000000a3400000, 0x00000000e0300000)
  object space 45056K, 26% used [0x00000000a0800000,0x00000000a1378cd0,0x00000000a3400000)
 Metaspace       used 34865K, capacity 35256K, committed 35456K, reserved 1081344K
  class space    used 4315K, capacity 4405K, committed 4480K, reserved 1048576K
Event: 15.696 GC heap after
Heap after GC invocations=11 (full 1):
 PSYoungGen      total 219648K, used 11758K [0x00000000e0300000, 0x00000000ef000000, 0x0000000100000000)
  eden space 207872K, 0% used [0x00000000e0300000,0x00000000e0300000,0x00000000ece00000)
  from space 11776K, 99% used [0x00000000edc80000,0x00000000ee7fb810,0x00000000ee800000)
  to   space 14848K, 0% used [0x00000000ece00000,0x00000000ece00000,0x00000000edc80000)
 ParOldGen       total 45056K, used 16750K [0x00000000a0800000, 0x00000000a3400000, 0x00000000e0300000)
  object space 45056K, 37% used [0x00000000a0800000,0x00000000a185b8b0,0x00000000a3400000)
 Metaspace       used 34865K, capacity 35256K, committed 35456K, reserved 1081344K
  class space    used 4315K, capacity 4405K, committed 4480K, reserved 1048576K
}
Event: 15.708 GC heap before
{Heap before GC invocations=12 (full 1):
 PSYoungGen      total 219648K, used 15257K [0x00000000e0300000, 0x00000000ef000000, 0x0000000100000000)
  eden space 207872K, 1% used [0x00000000e0300000,0x00000000e066af20,0x00000000ece00000)
  from space 11776K, 99% used [0x00000000edc80000,0x00000000ee7fb810,0x00000000ee800000)
  to   space 14848K, 0% used [0x00000000ece00000,0x00000000ece00000,0x00000000edc80000)
 ParOldGen       total 45056K, used 16750K [0x00000000a0800000, 0x00000000a3400000, 0x00000000e0300000)
  object space 45056K, 37% used [0x00000000a0800000,0x00000000a185b8b0,0x00000000a3400000)
 Metaspace       used 34900K, capacity 35256K, committed 35456K, reserved 1081344K
  class space    used 4319K, capacity 4405K, committed 4480K, reserved 1048576K
Event: 15.758 GC heap after
Heap after GC invocations=12 (full 1):
 PSYoungGen      total 222720K, used 96K [0x00000000e0300000, 0x00000000f5f80000, 0x0000000100000000)
  eden space 207872K, 0% used [0x00000000e0300000,0x00000000e0300000,0x00000000ece00000)
  from space 14848K, 0% used [0x00000000ece00000,0x00000000ece18000,0x00000000edc80000)
  to   space 15360K, 0% used [0x00000000f5080000,0x00000000f5080000,0x00000000f5f80000)
 ParOldGen       total 45056K, used 27432K [0x00000000a0800000, 0x00000000a3400000, 0x00000000e0300000)
  object space 45056K, 60% used [0x00000000a0800000,0x00000000a22ca0b8,0x00000000a3400000)
 Metaspace       used 34900K, capacity 35256K, committed 35456K, reserved 1081344K
  class space    used 4319K, capacity 4405K, committed 4480K, reserved 1048576K
}
Event: 15.758 GC heap before
{Heap before GC invocations=13 (full 2):
 PSYoungGen      total 222720K, used 96K [0x00000000e0300000, 0x00000000f5f80000, 0x0000000100000000)
  eden space 207872K, 0% used [0x00000000e0300000,0x00000000e0300000,0x00000000ece00000)
  from space 14848K, 0% used [0x00000000ece00000,0x00000000ece18000,0x00000000edc80000)
  to   space 15360K, 0% used [0x00000000f5080000,0x00000000f5080000,0x00000000f5f80000)
 ParOldGen       total 45056K, used 27432K [0x00000000a0800000, 0x00000000a3400000, 0x00000000e0300000)
  object space 45056K, 60% used [0x00000000a0800000,0x00000000a22ca0b8,0x00000000a3400000)
 Metaspace       used 34900K, capacity 35256K, committed 35456K, reserved 1081344K
  class space    used 4319K, capacity 4405K, committed 4480K, reserved 1048576K
Event: 16.234 GC heap after
Heap after GC invocations=13 (full 2):
 PSYoungGen      total 222720K, used 0K [0x00000000e0300000, 0x00000000f5f80000, 0x0000000100000000)
  eden space 207872K, 0% used [0x00000000e0300000,0x00000000e0300000,0x00000000ece00000)
  from space 14848K, 0% used [0x00000000ece00000,0x00000000ece00000,0x00000000edc80000)
  to   space 15360K, 0% used [0x00000000f5080000,0x00000000f5080000,0x00000000f5f80000)
 ParOldGen       total 67584K, used 20328K [0x00000000a0800000, 0x00000000a4a00000, 0x00000000e0300000)
  object space 67584K, 30% used [0x00000000a0800000,0x00000000a1bda358,0x00000000a4a00000)
 Metaspace       used 34900K, capacity 35256K, committed 35456K, reserved 1081344K
  class space    used 4319K, capacity 4405K, committed 4480K, reserved 1048576K
}
Event: 40.205 GC heap before
{Heap before GC invocations=14 (full 2):
 PSYoungGen      total 222720K, used 207872K [0x00000000e0300000, 0x00000000f5f80000, 0x0000000100000000)
  eden space 207872K, 100% used [0x00000000e0300000,0x00000000ece00000,0x00000000ece00000)
  from space 14848K, 0% used [0x00000000ece00000,0x00000000ece00000,0x00000000edc80000)
  to   space 15360K, 0% used [0x00000000f5080000,0x00000000f5080000,0x00000000f5f80000)
 ParOldGen       total 67584K, used 20328K [0x00000000a0800000, 0x00000000a4a00000, 0x00000000e0300000)
  object space 67584K, 30% used [0x00000000a0800000,0x00000000a1bda358,0x00000000a4a00000)
 Metaspace       used 45023K, capacity 45516K, committed 45824K, reserved 1089536K
  class space    used 5679K, capacity 5846K, committed 5888K, reserved 1048576K
Event: 40.260 GC heap after
Heap after GC invocations=14 (full 2):
 PSYoungGen      total 327680K, used 13435K [0x00000000e0300000, 0x00000000f5e00000, 0x0000000100000000)
  eden space 313856K, 0% used [0x00000000e0300000,0x00000000e0300000,0x00000000f3580000)
  from space 13824K, 97% used [0x00000000f5080000,0x00000000f5d9ef98,0x00000000f5e00000)
  to   space 16896K, 0% used [0x00000000f3d00000,0x00000000f3d00000,0x00000000f4d80000)
 ParOldGen       total 67584K, used 20336K [0x00000000a0800000, 0x00000000a4a00000, 0x00000000e0300000)
  object space 67584K, 30% used [0x00000000a0800000,0x00000000a1bdc358,0x00000000a4a00000)
 Metaspace       used 45023K, capacity 45516K, committed 45824K, reserved 1089536K
  class space    used 5679K, capacity 5846K, committed 5888K, reserved 1048576K
}

