# JRE version: Java(TM) SE Runtime Environment (8.0_60-b27) (build 1.8.0_60-b27)
# Java VM: Java HotSpot(TM) 64-Bit Server VM (25.60-b23 mixed mode windows-amd64 compressed oops)
Heap:
 PSYoungGen      total 106496K, used 38161K [0x00000000e0300000, 0x00000000e7400000, 0x0000000100000000)
  eden space 97792K, 31% used [0x00000000e0300000,0x00000000e20bf268,0x00000000e6280000)
  from space 8704K, 88% used [0x00000000e6280000,0x00000000e6a05258,0x00000000e6b00000)
  to   space 8192K, 0% used [0x00000000e6b00000,0x00000000e6b00000,0x00000000e7300000)
 ParOldGen       total 45568K, used 20659K [0x00000000a0800000, 0x00000000a3480000, 0x00000000e0300000)
  object space 45568K, 45% used [0x00000000a0800000,0x00000000a1c2cf18,0x00000000a3480000)
 Metaspace       used 38110K, capacity 38530K, committed 38912K, reserved 1083392K
  class space    used 4731K, capacity 4836K, committed 4864K, reserved 1048576K
GC Heap History (10 events):
Event: 5.441 GC heap before
{Heap before GC invocations=7 (full 1):
 PSYoungGen      total 105984K, used 6520K [0x00000000e0300000, 0x00000000e7400000, 0x0000000100000000)
  eden space 97792K, 0% used [0x00000000e0300000,0x00000000e0300000,0x00000000e6280000)
  from space 8192K, 79% used [0x00000000e6b00000,0x00000000e715e1f0,0x00000000e7300000)
  to   space 8704K, 0% used [0x00000000e6280000,0x00000000e6280000,0x00000000e6b00000)
 ParOldGen       total 65536K, used 6345K [0x00000000a0800000, 0x00000000a4800000, 0x00000000e0300000)
  object space 65536K, 9% used [0x00000000a0800000,0x00000000a0e32670,0x00000000a4800000)
 Metaspace       used 20937K, capacity 21192K, committed 21296K, reserved 1069056K
  class space    used 2536K, capacity 2617K, committed 2688K, reserved 1048576K
Event: 5.538 GC heap after
Heap after GC invocations=7 (full 1):
 PSYoungGen      total 105984K, used 0K [0x00000000e0300000, 0x00000000e7400000, 0x0000000100000000)
  eden space 97792K, 0% used [0x00000000e0300000,0x00000000e0300000,0x00000000e6280000)
  from space 8192K, 0% used [0x00000000e6b00000,0x00000000e6b00000,0x00000000e7300000)
  to   space 8704K, 0% used [0x00000000e6280000,0x00000000e6280000,0x00000000e6b00000)
 ParOldGen       total 45568K, used 9591K [0x00000000a0800000, 0x00000000a3480000, 0x00000000e0300000)
  object space 45568K, 21% used [0x00000000a0800000,0x00000000a115df68,0x00000000a3480000)
 Metaspace       used 20937K, capacity 21192K, committed 21296K, reserved 1069056K
  class space    used 2536K, capacity 2617K, committed 2688K, reserved 1048576K
}
Event: 10.049 GC heap before
{Heap before GC invocations=8 (full 1):
 PSYoungGen      total 105984K, used 97792K [0x00000000e0300000, 0x00000000e7400000, 0x0000000100000000)
  eden space 97792K, 100% used [0x00000000e0300000,0x00000000e6280000,0x00000000e6280000)
  from space 8192K, 0% used [0x00000000e6b00000,0x00000000e6b00000,0x00000000e7300000)
  to   space 8704K, 0% used [0x00000000e6280000,0x00000000e6280000,0x00000000e6b00000)
 ParOldGen       total 45568K, used 9591K [0x00000000a0800000, 0x00000000a3480000, 0x00000000e0300000)
  object space 45568K, 21% used [0x00000000a0800000,0x00000000a115df68,0x00000000a3480000)
 Metaspace       used 27896K, capacity 28232K, committed 28416K, reserved 1075200K
  class space    used 3431K, capacity 3507K, committed 3584K, reserved 1048576K
Event: 10.078 GC heap after
Heap after GC invocations=8 (full 1):
 PSYoungGen      total 106496K, used 8678K [0x00000000e0300000, 0x00000000e7400000, 0x0000000100000000)
  eden space 97792K, 0% used [0x00000000e0300000,0x00000000e0300000,0x00000000e6280000)
  from space 8704K, 99% used [0x00000000e6280000,0x00000000e6af9b78,0x00000000e6b00000)
  to   space 8192K, 0% used [0x00000000e6b00000,0x00000000e6b00000,0x00000000e7300000)
 ParOldGen       total 45568K, used 12370K [0x00000000a0800000, 0x00000000a3480000, 0x00000000e0300000)
  object space 45568K, 27% used [0x00000000a0800000,0x00000000a14148e0,0x00000000a3480000)
 Metaspace       used 27896K, capacity 28232K, committed 28416K, reserved 1075200K
  class space    used 3431K, capacity 3507K, committed 3584K, reserved 1048576K
}
Event: 12.335 GC heap before
{Heap before GC invocations=9 (full 1):
 PSYoungGen      total 106496K, used 99430K [0x00000000e0300000, 0x00000000e7400000, 0x0000000100000000)
  eden space 97792K, 92% used [0x00000000e0300000,0x00000000e5b9ff78,0x00000000e6280000)
  from space 8704K, 99% used [0x00000000e6280000,0x00000000e6af9b78,0x00000000e6b00000)
  to   space 8192K, 0% used [0x00000000e6b00000,0x00000000e6b00000,0x00000000e7300000)
 ParOldGen       total 45568K, used 12370K [0x00000000a0800000, 0x00000000a3480000, 0x00000000e0300000)
  object space 45568K, 27% used [0x00000000a0800000,0x00000000a14148e0,0x00000000a3480000)
 Metaspace       used 34825K, capacity 35140K, committed 35496K, reserved 1081344K
  class space    used 4266K, capacity 4351K, committed 4352K, reserved 1048576K
Event: 12.369 GC heap after
Heap after GC invocations=9 (full 1):
 PSYoungGen      total 105984K, used 8178K [0x00000000e0300000, 0x00000000e7400000, 0x0000000100000000)
  eden space 97792K, 0% used [0x00000000e0300000,0x00000000e0300000,0x00000000e6280000)
  from space 8192K, 99% used [0x00000000e6b00000,0x00000000e72fcaf0,0x00000000e7300000)
  to   space 8704K, 0% used [0x00000000e6280000,0x00000000e6280000,0x00000000e6b00000)
 ParOldGen       total 45568K, used 19327K [0x00000000a0800000, 0x00000000a3480000, 0x00000000e0300000)
  object space 45568K, 42% used [0x00000000a0800000,0x00000000a1adfce0,0x00000000a3480000)
 Metaspace       used 34825K, capacity 35140K, committed 35496K, reserved 1081344K
  class space    used 4266K, capacity 4351K, committed 4352K, reserved 1048576K
}
Event: 12.369 GC heap before
{Heap before GC invocations=10 (full 2):
 PSYoungGen      total 105984K, used 8178K [0x00000000e0300000, 0x00000000e7400000, 0x0000000100000000)
  eden space 97792K, 0% used [0x00000000e0300000,0x00000000e0300000,0x00000000e6280000)
  from space 8192K, 99% used [0x00000000e6b00000,0x00000000e72fcaf0,0x00000000e7300000)
  to   space 8704K, 0% used [0x00000000e6280000,0x00000000e6280000,0x00000000e6b00000)
 ParOldGen       total 45568K, used 19327K [0x00000000a0800000, 0x00000000a3480000, 0x00000000e0300000)
  object space 45568K, 42% used [0x00000000a0800000,0x00000000a1adfce0,0x00000000a3480000)
 Metaspace       used 34825K, capacity 35140K, committed 35496K, reserved 1081344K
  class space    used 4266K, capacity 4351K, committed 4352K, reserved 1048576K
Event: 12.565 GC heap after
Heap after GC invocations=10 (full 2):
 PSYoungGen      total 105984K, used 0K [0x00000000e0300000, 0x00000000e7400000, 0x0000000100000000)
  eden space 97792K, 0% used [0x00000000e0300000,0x00000000e0300000,0x00000000e6280000)
  from space 8192K, 0% used [0x00000000e6b00000,0x00000000e6b00000,0x00000000e7300000)
  to   space 8704K, 0% used [0x00000000e6280000,0x00000000e6280000,0x00000000e6b00000)
 ParOldGen       total 45568K, used 20659K [0x00000000a0800000, 0x00000000a3480000, 0x00000000e0300000)
  object space 45568K, 45% used [0x00000000a0800000,0x00000000a1c2cf18,0x00000000a3480000)
 Metaspace       used 34825K, capacity 35140K, committed 35496K, reserved 1081344K
  class space    used 4266K, capacity 4351K, committed 4352K, reserved 1048576K
}
Event: 14.757 GC heap before
{Heap before GC invocations=11 (full 2):
 PSYoungGen      total 105984K, used 97792K [0x00000000e0300000, 0x00000000e7400000, 0x0000000100000000)
  eden space 97792K, 100% used [0x00000000e0300000,0x00000000e6280000,0x00000000e6280000)
  from space 8192K, 0% used [0x00000000e6b00000,0x00000000e6b00000,0x00000000e7300000)
  to   space 8704K, 0% used [0x00000000e6280000,0x00000000e6280000,0x00000000e6b00000)
 ParOldGen       total 45568K, used 20659K [0x00000000a0800000, 0x00000000a3480000, 0x00000000e0300000)
  object space 45568K, 45% used [0x00000000a0800000,0x00000000a1c2cf18,0x00000000a3480000)
 Metaspace       used 37830K, capacity 38172K, committed 38656K, reserved 1083392K
  class space    used 4691K, capacity 4803K, committed 4864K, reserved 1048576K
Event: 14.844 GC heap after
Heap after GC invocations=11 (full 2):
 PSYoungGen      total 106496K, used 7700K [0x00000000e0300000, 0x00000000e7400000, 0x0000000100000000)
  eden space 97792K, 0% used [0x00000000e0300000,0x00000000e0300000,0x00000000e6280000)
  from space 8704K, 88% used [0x00000000e6280000,0x00000000e6a05258,0x00000000e6b00000)
  to   space 8192K, 0% used [0x00000000e6b00000,0x00000000e6b00000,0x00000000e7300000)
 ParOldGen       total 45568K, used 20659K [0x00000000a0800000, 0x00000000a3480000, 0x00000000e0300000)
  object space 45568K, 45% used [0x00000000a0800000,0x00000000a1c2cf18,0x00000000a3480000)
 Metaspace       used 37830K, capacity 38172K, committed 38656K, reserved 1083392K
  class space    used 4691K, capacity 4803K, committed 4864K, reserved 1048576K
}

